<?xml version="1.0" encoding="UTF-8" standalone="no"?>
<testsuite failures="0" name="cucumber.runtime.formatter.JUnitFormatter" skipped="0" tests="1" time="35.319993">
<testcase classname="Free CRM Application Test" name="Validate Free CRM Home Page Test" time="35.319993">
<system-out><![CDATA[Given user opens browser....................................................passed
Then user is on login Page..................................................passed
Then user logs into app.....................................................passed
Then validate home page title...............................................passed
]]></system-out>
</testcase>
</testsuite>
